<?xml version="1.0" encoding="UTF-8"?>
<!-- Generated by org.testng.reporters.JUnitReportReporter -->
<testsuite hostname="DESKTOP-NOLMOV3" failures="0" tests="7" name="testRunner.Runner" time="78.159" errors="0" timestamp="13 Feb 2025 05:01:04 GMT" skipped="0">
  <testcase classname="testRunner.Runner" name="runScenario" time="16.689"/>
  <testcase classname="testRunner.Runner" name="runScenario" time="12.911"/>
  <testcase classname="testRunner.Runner" name="runScenario" time="13.331"/>
  <testcase classname="testRunner.Runner" name="runScenario" time="5.112"/>
  <testcase classname="testRunner.Runner" name="runScenario" time="14.496"/>
  <testcase classname="testRunner.Runner" name="runScenario" time="15.620"/>
  <testcase classname="testRunner.Runner" name="runCucumberTests" time="0.000"/>
</testsuite> <!-- testRunner.Runner -->
