<?xml version="1.0" encoding="UTF-8"?>
<!-- Generated by org.testng.reporters.JUnitReportReporter -->
<testsuite hostname="DESKTOP-NOLMOV3" failures="0" tests="7" name="coderunner.runner" time="70.992" errors="0" timestamp="11 Feb 2025 15:21:05 GMT" skipped="0">
  <testcase classname="coderunner.runner" name="runScenario" time="8.854"/>
  <testcase classname="coderunner.runner" name="runScenario" time="9.369"/>
  <testcase classname="coderunner.runner" name="runScenario" time="8.436"/>
  <testcase classname="coderunner.runner" name="runScenario" time="9.376"/>
  <testcase classname="coderunner.runner" name="runScenario" time="14.234"/>
  <testcase classname="coderunner.runner" name="runScenario" time="12.834"/>
  <testcase classname="coderunner.runner" name="runScenario" time="7.889"/>
</testsuite> <!-- coderunner.runner -->
